file /Users/victor/work/vlazzarini/work/research/cs book chapters/chapters-final/programming_the_phase_vocoder/examples/SConstruct,line 22:
	Configure(confdir = .sconf_temp)
scons: Configure: Checking for C header file stdio.h... 
scons: Configure: ".sconf_temp/conftest_0.c" is up to date.
scons: Configure: The original builder output was:
  |.sconf_temp/conftest_0.c <-
  |  |
  |  |#include <stdio.h>
  |  |
  |  |
  |
scons: Configure: ".sconf_temp/conftest_0.o" is up to date.
scons: Configure: The original builder output was:
  |gcc -o .sconf_temp/conftest_0.o -c -I/usr/local/include -Irfftw .sconf_temp/conftest_0.c
  |
scons: Configure: (cached) yes

scons: Configure: Checking for C header file sndfile.h... 
scons: Configure: ".sconf_temp/conftest_1.c" is up to date.
scons: Configure: The original builder output was:
  |.sconf_temp/conftest_1.c <-
  |  |
  |  |#include <sndfile.h>
  |  |
  |  |
  |
scons: Configure: ".sconf_temp/conftest_1.o" is up to date.
scons: Configure: The original builder output was:
  |gcc -o .sconf_temp/conftest_1.o -c -I/usr/local/include -Irfftw .sconf_temp/conftest_1.c
  |
scons: Configure: (cached) yes

