This file contains any messages produced by compilers while
running configure, to aid debugging if configure makes a mistake.

It was created by simple_oscil configure 0.1, which was
generated by GNU Autoconf 2.61.  Invocation command line was

  $ ./configure 

## --------- ##
## Platform. ##
## --------- ##

hostname = access.drumwell.net
uname -m = i686
uname -r = 2.6.26-2-686
uname -s = Linux
uname -v = #1 SMP Sun Jun 21 04:57:38 UTC 2009

/usr/bin/uname -p = unknown
/bin/uname -X     = unknown

/bin/arch              = unknown
/usr/bin/arch -k       = unknown
/usr/convex/getsysinfo = unknown
/usr/bin/hostinfo      = unknown
/bin/machine           = unknown
/usr/bin/oslevel       = unknown
/bin/universe          = unknown

PATH: /usr/local/bin
PATH: /usr/bin
PATH: /bin
PATH: /usr/games
PATH: /usr/local/bin
PATH: /home/jonb/bin
PATH: /sw/bin
PATH: /sbin
PATH: /usr/sbin
PATH: .
PATH: /opt/local/bin


## ----------- ##
## Core tests. ##
## ----------- ##

configure:1774: checking for a BSD-compatible install
configure:1830: result: /usr/bin/install -c
configure:1841: checking whether build environment is sane
configure:1884: result: yes
configure:1912: checking for a thread-safe mkdir -p
configure:1951: result: /bin/mkdir -p
configure:1964: checking for gawk
configure:1994: result: no
configure:1964: checking for mawk
configure:1980: found /usr/bin/mawk
configure:1991: result: mawk
configure:2002: checking whether make sets $(MAKE)
configure:2023: result: yes
configure:2263: checking for gcc
configure:2279: found /usr/bin/gcc
configure:2290: result: gcc
configure:2528: checking for C compiler version
configure:2535: gcc --version >&5
gcc (Debian 4.3.2-1.1) 4.3.2
Copyright (C) 2008 Free Software Foundation, Inc.
This is free software; see the source for copying conditions.  There is NO
warranty; not even for MERCHANTABILITY or FITNESS FOR A PARTICULAR PURPOSE.

configure:2538: $? = 0
configure:2545: gcc -v >&5
Using built-in specs.
Target: i486-linux-gnu
Configured with: ../src/configure -v --with-pkgversion='Debian 4.3.2-1.1' --with-bugurl=file:///usr/share/doc/gcc-4.3/README.Bugs --enable-languages=c,c++,fortran,objc,obj-c++ --prefix=/usr --enable-shared --with-system-zlib --libexecdir=/usr/lib --without-included-gettext --enable-threads=posix --enable-nls --with-gxx-include-dir=/usr/include/c++/4.3 --program-suffix=-4.3 --enable-clocale=gnu --enable-libstdcxx-debug --enable-objc-gc --enable-mpfr --enable-targets=all --enable-cld --enable-checking=release --build=i486-linux-gnu --host=i486-linux-gnu --target=i486-linux-gnu
Thread model: posix
gcc version 4.3.2 (Debian 4.3.2-1.1) 
configure:2548: $? = 0
configure:2555: gcc -V >&5
gcc: '-V' option must have argument
configure:2558: $? = 1
configure:2581: checking for C compiler default output file name
configure:2608: gcc    conftest.c  >&5
configure:2611: $? = 0
configure:2649: result: a.out
configure:2666: checking whether the C compiler works
configure:2676: ./a.out
configure:2679: $? = 0
configure:2696: result: yes
configure:2703: checking whether we are cross compiling
configure:2705: result: no
configure:2708: checking for suffix of executables
configure:2715: gcc -o conftest    conftest.c  >&5
configure:2718: $? = 0
configure:2742: result: 
configure:2748: checking for suffix of object files
configure:2774: gcc -c   conftest.c >&5
configure:2777: $? = 0
configure:2800: result: o
configure:2804: checking whether we are using the GNU C compiler
configure:2833: gcc -c   conftest.c >&5
configure:2839: $? = 0
configure:2856: result: yes
configure:2861: checking whether gcc accepts -g
configure:2891: gcc -c -g  conftest.c >&5
configure:2897: $? = 0
configure:2996: result: yes
configure:3013: checking for gcc option to accept ISO C89
configure:3087: gcc  -c -g -O2  conftest.c >&5
configure:3093: $? = 0
configure:3116: result: none needed
configure:3145: checking for style of include used by make
configure:3173: result: GNU
configure:3198: checking dependency style of gcc
configure:3289: result: gcc3
configure:3308: checking for pthread_join in -lpthread
configure:3343: gcc -o conftest -g -O2   conftest.c -lpthread   >&5
configure:3349: $? = 0
configure:3367: result: yes
configure:3379: checking for sin in -lm
configure:3414: gcc -o conftest -g -O2   conftest.c -lm  -lpthread  >&5
conftest.c:18: warning: conflicting types for built-in function 'sin'
configure:3420: $? = 0
configure:3438: result: yes
configure:3450: checking for Pa_Initialize in -lportaudio
configure:3485: gcc -o conftest -g -O2   conftest.c -lportaudio  -lm -lpthread  >&5
configure:3491: $? = 0
configure:3509: result: yes
configure:3531: checking how to run the C preprocessor
configure:3571: gcc -E  conftest.c
configure:3577: $? = 0
configure:3608: gcc -E  conftest.c
conftest.c:13:28: error: ac_nonexistent.h: No such file or directory
configure:3614: $? = 1
configure: failed program was:
| /* confdefs.h.  */
| #define PACKAGE_NAME "simple_oscil"
| #define PACKAGE_TARNAME "simple_oscil"
| #define PACKAGE_VERSION "0.1"
| #define PACKAGE_STRING "simple_oscil 0.1"
| #define PACKAGE_BUGREPORT "bugs@drumwell.net"
| #define PACKAGE "simple_oscil"
| #define VERSION "0.1"
| #define HAVE_LIBPTHREAD 1
| #define HAVE_LIBM 1
| #define HAVE_LIBPORTAUDIO 1
| /* end confdefs.h.  */
| #include <ac_nonexistent.h>
configure:3647: result: gcc -E
configure:3676: gcc -E  conftest.c
configure:3682: $? = 0
configure:3713: gcc -E  conftest.c
conftest.c:13:28: error: ac_nonexistent.h: No such file or directory
configure:3719: $? = 1
configure: failed program was:
| /* confdefs.h.  */
| #define PACKAGE_NAME "simple_oscil"
| #define PACKAGE_TARNAME "simple_oscil"
| #define PACKAGE_VERSION "0.1"
| #define PACKAGE_STRING "simple_oscil 0.1"
| #define PACKAGE_BUGREPORT "bugs@drumwell.net"
| #define PACKAGE "simple_oscil"
| #define VERSION "0.1"
| #define HAVE_LIBPTHREAD 1
| #define HAVE_LIBM 1
| #define HAVE_LIBPORTAUDIO 1
| /* end confdefs.h.  */
| #include <ac_nonexistent.h>
configure:3757: checking for grep that handles long lines and -e
configure:3831: result: /bin/grep
configure:3836: checking for egrep
configure:3914: result: /bin/grep -E
configure:3919: checking for ANSI C header files
configure:3949: gcc -c -g -O2  conftest.c >&5
configure:3955: $? = 0
configure:4054: gcc -o conftest -g -O2   conftest.c -lportaudio -lm -lpthread  >&5
configure:4057: $? = 0
configure:4063: ./conftest
./conftest: error while loading shared libraries: libportaudio.so.2: cannot open shared object file: No such file or directory
configure:4066: $? = 127
configure: program exited with status 127
configure: failed program was:
| /* confdefs.h.  */
| #define PACKAGE_NAME "simple_oscil"
| #define PACKAGE_TARNAME "simple_oscil"
| #define PACKAGE_VERSION "0.1"
| #define PACKAGE_STRING "simple_oscil 0.1"
| #define PACKAGE_BUGREPORT "bugs@drumwell.net"
| #define PACKAGE "simple_oscil"
| #define VERSION "0.1"
| #define HAVE_LIBPTHREAD 1
| #define HAVE_LIBM 1
| #define HAVE_LIBPORTAUDIO 1
| /* end confdefs.h.  */
| #include <ctype.h>
| #include <stdlib.h>
| #if ((' ' & 0x0FF) == 0x020)
| # define ISLOWER(c) ('a' <= (c) && (c) <= 'z')
| # define TOUPPER(c) (ISLOWER(c) ? 'A' + ((c) - 'a') : (c))
| #else
| # define ISLOWER(c) 		   (('a' <= (c) && (c) <= 'i') 		     || ('j' <= (c) && (c) <= 'r') 		     || ('s' <= (c) && (c) <= 'z'))
| # define TOUPPER(c) (ISLOWER(c) ? ((c) | 0x40) : (c))
| #endif
| 
| #define XOR(e, f) (((e) && !(f)) || (!(e) && (f)))
| int
| main ()
| {
|   int i;
|   for (i = 0; i < 256; i++)
|     if (XOR (islower (i), ISLOWER (i))
| 	|| toupper (i) != TOUPPER (i))
|       return 2;
|   return 0;
| }
configure:4083: result: no
configure:4107: checking for sys/types.h
configure:4128: gcc -c -g -O2  conftest.c >&5
configure:4134: $? = 0
configure:4150: result: yes
configure:4107: checking for sys/stat.h
configure:4128: gcc -c -g -O2  conftest.c >&5
configure:4134: $? = 0
configure:4150: result: yes
configure:4107: checking for stdlib.h
configure:4128: gcc -c -g -O2  conftest.c >&5
configure:4134: $? = 0
configure:4150: result: yes
configure:4107: checking for string.h
configure:4128: gcc -c -g -O2  conftest.c >&5
configure:4134: $? = 0
configure:4150: result: yes
configure:4107: checking for memory.h
configure:4128: gcc -c -g -O2  conftest.c >&5
configure:4134: $? = 0
configure:4150: result: yes
configure:4107: checking for strings.h
configure:4128: gcc -c -g -O2  conftest.c >&5
configure:4134: $? = 0
configure:4150: result: yes
configure:4107: checking for inttypes.h
configure:4128: gcc -c -g -O2  conftest.c >&5
configure:4134: $? = 0
configure:4150: result: yes
configure:4107: checking for stdint.h
configure:4128: gcc -c -g -O2  conftest.c >&5
configure:4134: $? = 0
configure:4150: result: yes
configure:4107: checking for unistd.h
configure:4128: gcc -c -g -O2  conftest.c >&5
configure:4134: $? = 0
configure:4150: result: yes
configure:4167: checking for stdlib.h
configure:4173: result: yes
configure:4309: checking for an ANSI C-conforming const
configure:4384: gcc -c -g -O2  conftest.c >&5
configure:4390: $? = 0
configure:4405: result: yes
configure:4421: checking for pow
configure:4477: gcc -o conftest -g -O2   conftest.c -lportaudio -lm -lpthread  >&5
conftest.c:46: warning: conflicting types for built-in function 'pow'
configure:4483: $? = 0
configure:4501: result: yes
configure:4658: creating ./config.status

## ---------------------- ##
## Running config.status. ##
## ---------------------- ##

This file was extended by simple_oscil config.status 0.1, which was
generated by GNU Autoconf 2.61.  Invocation command line was

  CONFIG_FILES    = 
  CONFIG_HEADERS  = 
  CONFIG_LINKS    = 
  CONFIG_COMMANDS = 
  $ ./config.status 

on access.drumwell.net

config.status:618: creating Makefile
config.status:809: executing depfiles commands

## ---------------- ##
## Cache variables. ##
## ---------------- ##

ac_cv_c_compiler_gnu=yes
ac_cv_c_const=yes
ac_cv_env_CC_set=
ac_cv_env_CC_value=
ac_cv_env_CFLAGS_set=
ac_cv_env_CFLAGS_value=
ac_cv_env_CPPFLAGS_set=
ac_cv_env_CPPFLAGS_value=
ac_cv_env_CPP_set=
ac_cv_env_CPP_value=
ac_cv_env_LDFLAGS_set=
ac_cv_env_LDFLAGS_value=
ac_cv_env_LIBS_set=
ac_cv_env_LIBS_value=
ac_cv_env_build_alias_set=
ac_cv_env_build_alias_value=
ac_cv_env_host_alias_set=
ac_cv_env_host_alias_value=
ac_cv_env_target_alias_set=
ac_cv_env_target_alias_value=
ac_cv_func_pow=yes
ac_cv_header_inttypes_h=yes
ac_cv_header_memory_h=yes
ac_cv_header_stdc=no
ac_cv_header_stdint_h=yes
ac_cv_header_stdlib_h=yes
ac_cv_header_string_h=yes
ac_cv_header_strings_h=yes
ac_cv_header_sys_stat_h=yes
ac_cv_header_sys_types_h=yes
ac_cv_header_unistd_h=yes
ac_cv_lib_m_sin=yes
ac_cv_lib_portaudio_Pa_Initialize=yes
ac_cv_lib_pthread_pthread_join=yes
ac_cv_objext=o
ac_cv_path_EGREP='/bin/grep -E'
ac_cv_path_GREP=/bin/grep
ac_cv_path_install='/usr/bin/install -c'
ac_cv_path_mkdir=/bin/mkdir
ac_cv_prog_AWK=mawk
ac_cv_prog_CPP='gcc -E'
ac_cv_prog_ac_ct_CC=gcc
ac_cv_prog_cc_c89=
ac_cv_prog_cc_g=yes
ac_cv_prog_make_make_set=yes
am_cv_CC_dependencies_compiler_type=gcc3

## ----------------- ##
## Output variables. ##
## ----------------- ##

ACLOCAL='${SHELL} /home/jonb/code/examples/missing --run aclocal-1.10'
AMDEPBACKSLASH='\'
AMDEP_FALSE='#'
AMDEP_TRUE=''
AMTAR='${SHELL} /home/jonb/code/examples/missing --run tar'
AUTOCONF='${SHELL} /home/jonb/code/examples/missing --run autoconf'
AUTOHEADER='${SHELL} /home/jonb/code/examples/missing --run autoheader'
AUTOMAKE='${SHELL} /home/jonb/code/examples/missing --run automake-1.10'
AWK='mawk'
CC='gcc'
CCDEPMODE='depmode=gcc3'
CFLAGS='-g -O2'
CPP='gcc -E'
CPPFLAGS=''
CYGPATH_W='echo'
DEFS='-DPACKAGE_NAME=\"simple_oscil\" -DPACKAGE_TARNAME=\"simple_oscil\" -DPACKAGE_VERSION=\"0.1\" -DPACKAGE_STRING=\"simple_oscil\ 0.1\" -DPACKAGE_BUGREPORT=\"bugs@drumwell.net\" -DPACKAGE=\"simple_oscil\" -DVERSION=\"0.1\" -DHAVE_LIBPTHREAD=1 -DHAVE_LIBM=1 -DHAVE_LIBPORTAUDIO=1 -DHAVE_SYS_TYPES_H=1 -DHAVE_SYS_STAT_H=1 -DHAVE_STDLIB_H=1 -DHAVE_STRING_H=1 -DHAVE_MEMORY_H=1 -DHAVE_STRINGS_H=1 -DHAVE_INTTYPES_H=1 -DHAVE_STDINT_H=1 -DHAVE_UNISTD_H=1 -DHAVE_STDLIB_H=1 -DHAVE_POW=1'
DEPDIR='.deps'
ECHO_C=''
ECHO_N='-n'
ECHO_T=''
EGREP='/bin/grep -E'
EXEEXT=''
GREP='/bin/grep'
INSTALL_DATA='${INSTALL} -m 644'
INSTALL_PROGRAM='${INSTALL}'
INSTALL_SCRIPT='${INSTALL}'
INSTALL_STRIP_PROGRAM='$(install_sh) -c -s'
LDFLAGS=''
LIBOBJS=''
LIBS='-lportaudio -lm -lpthread '
LTLIBOBJS=''
MAKEINFO='${SHELL} /home/jonb/code/examples/missing --run makeinfo'
OBJEXT='o'
PACKAGE='simple_oscil'
PACKAGE_BUGREPORT='bugs@drumwell.net'
PACKAGE_NAME='simple_oscil'
PACKAGE_STRING='simple_oscil 0.1'
PACKAGE_TARNAME='simple_oscil'
PACKAGE_VERSION='0.1'
PATH_SEPARATOR=':'
SET_MAKE=''
SHELL='/bin/sh'
STRIP=''
VERSION='0.1'
ac_ct_CC='gcc'
am__fastdepCC_FALSE='#'
am__fastdepCC_TRUE=''
am__include='include'
am__isrc=''
am__leading_dot='.'
am__quote=''
am__tar='${AMTAR} chof - "$$tardir"'
am__untar='${AMTAR} xf -'
bindir='${exec_prefix}/bin'
build_alias=''
datadir='${datarootdir}'
datarootdir='${prefix}/share'
docdir='${datarootdir}/doc/${PACKAGE_TARNAME}'
dvidir='${docdir}'
exec_prefix='${prefix}'
host_alias=''
htmldir='${docdir}'
includedir='${prefix}/include'
infodir='${datarootdir}/info'
install_sh='$(SHELL) /home/jonb/code/examples/install-sh'
libdir='${exec_prefix}/lib'
libexecdir='${exec_prefix}/libexec'
localedir='${datarootdir}/locale'
localstatedir='${prefix}/var'
mandir='${datarootdir}/man'
mkdir_p='/bin/mkdir -p'
oldincludedir='/usr/include'
pdfdir='${docdir}'
prefix='/usr/local'
program_transform_name='s,x,x,'
psdir='${docdir}'
sbindir='${exec_prefix}/sbin'
sharedstatedir='${prefix}/com'
sysconfdir='${prefix}/etc'
target_alias=''

## ----------- ##
## confdefs.h. ##
## ----------- ##

#define PACKAGE_NAME "simple_oscil"
#define PACKAGE_TARNAME "simple_oscil"
#define PACKAGE_VERSION "0.1"
#define PACKAGE_STRING "simple_oscil 0.1"
#define PACKAGE_BUGREPORT "bugs@drumwell.net"
#define PACKAGE "simple_oscil"
#define VERSION "0.1"
#define HAVE_LIBPTHREAD 1
#define HAVE_LIBM 1
#define HAVE_LIBPORTAUDIO 1
#define HAVE_SYS_TYPES_H 1
#define HAVE_SYS_STAT_H 1
#define HAVE_STDLIB_H 1
#define HAVE_STRING_H 1
#define HAVE_MEMORY_H 1
#define HAVE_STRINGS_H 1
#define HAVE_INTTYPES_H 1
#define HAVE_STDINT_H 1
#define HAVE_UNISTD_H 1
#define HAVE_STDLIB_H 1
#define HAVE_POW 1

configure: exit 0
